[00:02:23] [Netty Worker IO Thread #3/INFO]: [GeneralAverage] disconnected with: Proxy lost connection to server.
[00:02:23] [Netty Worker IO Thread #3/INFO]: [/[0:0:0:0:0:0:0:1%0]:56792|GeneralAverage] <-> DownstreamBridge <-> [lobby] has disconnected
[00:02:23] [Netty Worker IO Thread #3/INFO]: [/[0:0:0:0:0:0:0:1%0]:56792|GeneralAverage] -> UpstreamBridge has disconnected
[00:02:40] [Netty Worker IO Thread #0/INFO] [EaglercraftXBungee]: [/[0:0:0:0:0:0:0:1%0]:50222]: Connected via websocket
[00:02:40] [Netty Worker IO Thread #0/INFO] [EaglercraftXBungee]: [/[0:0:0:0:0:0:0:1%0]:50222]: Origin header is https://eaglercraft.q13x.com
[00:02:40] [Netty Worker IO Thread #0/INFO] [EaglercraftXBungee]: [/[0:0:0:0:0:0:0:1%0]:50222]: Logged in as 'GeneralAverage'
[00:02:40] [Netty Worker IO Thread #0/INFO]: [/[0:0:0:0:0:0:0:1%0]:50222|GeneralAverage] -> UpstreamBridge has connected
[00:02:40] [Netty Worker IO Thread #0/INFO]: [GeneralAverage|/[0:0:0:0:0:0:0:1%0]:50222] <-> ServerConnector [lobby] has connected
[00:03:44] [EaglerXBungee: Network Tick Tasks/ERROR] [EaglercraftXBungee]: Failed to download certificate: https://deev.is/eagler/backup.cert
[00:03:44] [EaglerXBungee: Network Tick Tasks/ERROR] [EaglercraftXBungee]: Reason: java.io.IOException: Response code was 502
[00:08:40] [Netty Worker IO Thread #0/INFO]: [GeneralAverage] disconnected with: Proxy lost connection to server.
[00:08:40] [Netty Worker IO Thread #0/INFO]: [/[0:0:0:0:0:0:0:1%0]:50222|GeneralAverage] <-> DownstreamBridge <-> [lobby] has disconnected
[00:08:40] [Netty Worker IO Thread #0/INFO]: [/[0:0:0:0:0:0:0:1%0]:50222|GeneralAverage] -> UpstreamBridge has disconnected
[00:17:01] [Shutdown Thread/INFO]: Closing listener [id: 0x98dfbfeb, L:/127.0.0.1:25577]
[00:17:01] [Shutdown Thread/INFO]: Closing pending connections
[00:17:01] [Shutdown Thread/INFO]: Disconnecting 0 connections
[00:17:01] [Shutdown Thread/INFO]: Disabling plugins
[00:17:01] [Shutdown Thread/INFO] [EaglercraftXBungee]: Eaglercraft listener closed: /0.0.0.0:8081
[00:17:01] [Shutdown Thread/INFO] [EaglercraftXBungee]: Successfully disconnected from database 'jdbc:sqlite:eaglercraft_skins_cache.db'
[00:17:01] [Shutdown Thread/INFO] [EaglercraftXBungee]: Stopping skin cache HTTP client...
[00:17:03] [Shutdown Thread/INFO]: Closing IO threads
[00:17:05] [Shutdown Thread/INFO]: Thank you and goodbye
